<?xml version="1.0" encoding="UTF-8"?>
<!-- Generated by org.testng.reporters.JUnitXMLReporter -->
<testsuite ignored="1" hostname="DESKTOP-7LAF4KG" failures="0" tests="1" name="Test" time="6.62" errors="0" timestamp="2024-08-22T17:14:43 IST">
  <testcase classname="testCases.TC002_LoginTest" name="verify_Login" time="2.396"/>
  <testcase classname="testCases.TC001_AccountRegistrationTest" name="verify_account_registration" time="0.0">
    <ignored/>
  </testcase> <!-- verify_account_registration -->
</testsuite> <!-- Test -->
