<?xml version="1.0" encoding="UTF-8"?>
<testng-results ignored="0" total="1" passed="1" failed="0" skipped="0">
  <reporter-output>
  </reporter-output>
  <suite started-at="2024-08-22T19:11:45 IST" name="Failed suite [grouping Suite]" finished-at="2024-08-22T19:11:58 IST" duration-ms="12798">
    <groups>
      <group name="Master">
        <method signature="TC002_LoginTest.verify_Login()[pri:0, instance:testCases.TC002_LoginTest@21d5c1a0]" name="verify_Login" class="testCases.TC002_LoginTest"/>
      </group> <!-- Master -->
      <group name="Sanity">
        <method signature="TC002_LoginTest.verify_Login()[pri:0, instance:testCases.TC002_LoginTest@21d5c1a0]" name="verify_Login" class="testCases.TC002_LoginTest"/>
      </group> <!-- Sanity -->
    </groups>
    <test started-at="2024-08-22T19:11:45 IST" name="Test(failed)" finished-at="2024-08-22T19:11:58 IST" duration-ms="12798">
      <class name="testCases.TC002_LoginTest">
        <test-method is-config="true" signature="setup(java.lang.String,java.lang.String)[pri:0, instance:testCases.TC002_LoginTest@21d5c1a0]" started-at="2024-08-22T19:11:46 IST" name="setup" finished-at="2024-08-22T19:11:52 IST" duration-ms="6350" status="PASS">
          <params>
            <param index="0">
              <value>
                <![CDATA[Windows]]>
              </value>
            </param>
            <param index="1">
              <value>
                <![CDATA[chrome]]>
              </value>
            </param>
          </params>
          <reporter-output>
          </reporter-output>
        </test-method> <!-- setup -->
        <test-method signature="verify_Login()[pri:0, instance:testCases.TC002_LoginTest@21d5c1a0]" started-at="2024-08-22T19:11:52 IST" name="verify_Login" finished-at="2024-08-22T19:11:56 IST" duration-ms="4211" status="PASS">
          <reporter-output>
          </reporter-output>
        </test-method> <!-- verify_Login -->
        <test-method is-config="true" signature="tearDown()[pri:0, instance:testCases.TC002_LoginTest@21d5c1a0]" started-at="2024-08-22T19:11:57 IST" name="tearDown" finished-at="2024-08-22T19:11:58 IST" duration-ms="1307" status="PASS">
          <reporter-output>
          </reporter-output>
        </test-method> <!-- tearDown -->
      </class> <!-- testCases.TC002_LoginTest -->
    </test> <!-- Test(failed) -->
  </suite> <!-- Failed suite [grouping Suite] -->
</testng-results>
